[2026-06-14 13:53:14.526] [INFO] Initial pose: X=71.00, Y=-107.50, Yaw=0.00 deg
[2026-06-14 13:53:14.526] [INFO] Lmin: 6.7402 m
[2026-06-14 13:53:14.527] [INFO] L < L_min, implement n trials
[2026-06-14 13:53:14.527] [INFO] New target: 69.90, -105.82, 0.00 deg
[2026-06-14 13:53:14.527] [INFO] Number of trials: 5. Lat offset: 0.82
[2026-06-14 13:53:14.528] [WARN] d_C_Einit: 2.83 < d_EC_lmin: 4.69, Move forward
[2026-06-14 13:53:18.015] [INFO] Lmin: 6.7402 m
[2026-06-14 13:53:18.015] [INFO] Initial pose for planning: X=76.11, Y=-107.51
[2026-06-14 13:53:18.067] [INFO] Begin FIRST_ARC
[2026-06-14 13:53:24.752] [INFO] Transitioning to WAIT_STEERING_2
[2026-06-14 13:53:24.951] [INFO] Begin SECOND_ARC
[2026-06-14 13:53:28.735] [INFO] Single trial: complete, x_c: 70.13, y_c: -105.77, yaw_e: -1.36 deg
[2026-06-14 13:53:28.735] [INFO] Start n trials (not include single section): 1/5
[2026-06-14 13:53:28.735] [INFO] X Limits: Front=71.11, Rear=69.90
[2026-06-14 13:53:28.736] [INFO] Shunt mid X: 70.62
[2026-06-14 13:53:28.736] [INFO] Target position:69.90, -105.82
[2026-06-14 13:53:29.663] [INFO] Switching to SHUNT_FORWARD_2
[2026-06-14 13:53:30.229] [INFO] Switching to back shunt, X=71.11, Y=-105.53
[2026-06-14 13:53:34.117] [INFO] Switching to SHUNT_BACKWARD_2
[2026-06-14 13:53:35.607] [INFO] Shunt loop [1/5] complete. Position: X=70.02, Y=-105.62, Yaw=0.06 deg
[2026-06-14 13:53:38.095] [INFO] Switching to SHUNT_FORWARD_2
[2026-06-14 13:53:39.088] [INFO] Switching to back shunt, X=71.11, Y=-105.39
[2026-06-14 13:53:43.089] [INFO] Switching to SHUNT_BACKWARD_2
[2026-06-14 13:53:44.524] [INFO] Shunt loop [2/5] complete. Position: X=70.04, Y=-105.47, Yaw=-0.10 deg
[2026-06-14 13:53:46.695] [INFO] Switching to SHUNT_FORWARD_2
[2026-06-14 13:53:47.686] [INFO] Switching to back shunt, X=71.12, Y=-105.25
[2026-06-14 13:53:51.645] [INFO] Switching to SHUNT_BACKWARD_2
[2026-06-14 13:53:53.322] [INFO] Shunt loop [3/5] complete. Position: X=69.98, Y=-105.30, Yaw=0.02 deg
[2026-06-14 13:53:55.711] [INFO] Switching to SHUNT_FORWARD_2
[2026-06-14 13:53:56.710] [INFO] Switching to back shunt, X=71.11, Y=-105.08
[2026-06-14 13:54:00.532] [INFO] Switching to SHUNT_BACKWARD_2
[2026-06-14 13:54:02.122] [INFO] Shunt loop [4/5] complete. Position: X=70.01, Y=-105.15, Yaw=0.01 deg
[2026-06-14 13:54:04.405] [INFO] Switching to SHUNT_FORWARD_2
[2026-06-14 13:54:05.370] [INFO] Switching to back shunt, X=71.11, Y=-104.91
[2026-06-14 13:54:09.381] [INFO] Switching to SHUNT_BACKWARD_2
[2026-06-14 13:54:10.878] [INFO] Final position: X=70.03, Y=-104.99
[2026-06-14 13:54:10.878] [INFO] Multiple trials parking complete.
[2026-06-14 13:54:10.931] [INFO] Plot response: Plot generation started.
