[2026-06-14 13:51:24.033] [INFO] Initial pose: X=71.00, Y=-107.50, Yaw=0.00 deg
[2026-06-14 13:51:24.034] [INFO] Lmin: 6.4660 m
[2026-06-14 13:51:24.034] [INFO] L < L_min, implement n trials
[2026-06-14 13:51:24.034] [INFO] New target: 69.90, -105.52, 0.00 deg
[2026-06-14 13:51:24.035] [INFO] Number of trials: 3. Lat offset: 0.52
[2026-06-14 13:51:24.035] [WARN] d_C_Einit: 1.94 < d_EC_lmin: 4.11, Move forward
[2026-06-14 13:51:27.582] [INFO] Lmin: 6.4660 m
[2026-06-14 13:51:27.583] [INFO] Initial pose for planning: X=75.85, Y=-107.50
[2026-06-14 13:51:27.643] [INFO] Begin FIRST_ARC
[2026-06-14 13:51:33.920] [INFO] Transitioning to WAIT_STEERING_2
[2026-06-14 13:51:34.135] [INFO] Begin SECOND_ARC
[2026-06-14 13:51:37.972] [INFO] Single trial: complete, x_c: 70.14, y_c: -105.51, yaw_e: -1.16 deg
[2026-06-14 13:51:37.972] [INFO] Start n trials (not include single section): 1/3
[2026-06-14 13:51:37.972] [INFO] X Limits: Front=71.11, Rear=69.90
[2026-06-14 13:51:37.973] [INFO] Shunt mid X: 70.62
[2026-06-14 13:51:37.973] [INFO] Target position:69.90, -105.52
[2026-06-14 13:51:38.891] [INFO] Switching to SHUNT_FORWARD_2
[2026-06-14 13:51:39.516] [INFO] Switching to back shunt, X=71.12, Y=-105.25
[2026-06-14 13:51:43.032] [INFO] Switching to SHUNT_BACKWARD_2
[2026-06-14 13:51:44.721] [INFO] Shunt loop [1/3] complete. Position: X=70.01, Y=-105.34, Yaw=0.04 deg
[2026-06-14 13:51:46.937] [INFO] Switching to SHUNT_FORWARD_2
[2026-06-14 13:51:47.932] [INFO] Switching to back shunt, X=71.12, Y=-105.05
[2026-06-14 13:51:51.633] [INFO] Switching to SHUNT_BACKWARD_2
[2026-06-14 13:51:53.180] [INFO] Shunt loop [2/3] complete. Position: X=70.04, Y=-105.17, Yaw=-0.07 deg
[2026-06-14 13:51:55.309] [INFO] Switching to SHUNT_FORWARD_2
[2026-06-14 13:51:56.289] [INFO] Switching to back shunt, X=71.12, Y=-104.91
[2026-06-14 13:51:59.853] [INFO] Switching to SHUNT_BACKWARD_2
[2026-06-14 13:52:01.436] [INFO] Final position: X=69.96, Y=-104.99
[2026-06-14 13:52:01.436] [INFO] Multiple trials parking complete.
[2026-06-14 13:52:01.495] [INFO] Plot response: Plot generation started.
