[2026-06-14 15:15:34.534] [INFO] Initial pose: X=71.00, Y=-107.50, Yaw=0.00 deg
[2026-06-14 15:15:34.534] [INFO] Lmin: 6.7402 m
[2026-06-14 15:15:34.534] [INFO] L < L_min, implement n trials
[2026-06-14 15:15:34.535] [INFO] New target: 69.90, -105.82, 0.00 deg
[2026-06-14 15:15:34.535] [INFO] Number of trials: 5. Lat offset: 0.82
[2026-06-14 15:15:34.535] [WARN] d_C_Einit: 2.83 < d_EC_lmin: 4.69, Move forward
[2026-06-14 15:15:38.125] [INFO] Lmin: 6.7402 m
[2026-06-14 15:15:38.125] [INFO] Initial pose for planning: X=76.03, Y=-107.50
[2026-06-14 15:15:38.178] [INFO] Begin FIRST_ARC
[2026-06-14 15:15:44.820] [INFO] Transitioning to WAIT_STEERING_2
[2026-06-14 15:15:45.035] [INFO] Begin SECOND_ARC
[2026-06-14 15:15:49.193] [INFO] Single trial: complete, x_c: 70.14, y_c: -105.79, yaw_e: -1.92 deg
[2026-06-14 15:15:49.194] [INFO] Start n trials (not include single section): 1/5
[2026-06-14 15:15:49.194] [INFO] X Limits: Front=71.11, Rear=69.90
[2026-06-14 15:15:49.195] [INFO] Shunt mid X: 70.62
[2026-06-14 15:15:49.195] [INFO] Target position:69.90, -105.82
[2026-06-14 15:15:50.146] [INFO] Switching to SHUNT_FORWARD_2
[2026-06-14 15:15:50.775] [INFO] Switching to back shunt, X=71.13, Y=-105.56
[2026-06-14 15:15:55.065] [INFO] Switching to SHUNT_BACKWARD_2
[2026-06-14 15:15:57.122] [INFO] Shunt loop [1/5] complete. Position: X=69.89, Y=-105.58, Yaw=1.78 deg
[2026-06-14 15:15:59.785] [INFO] Switching to SHUNT_FORWARD_2
[2026-06-14 15:16:01.138] [INFO] Switching to back shunt, X=71.12, Y=-105.28
[2026-06-14 15:16:05.485] [INFO] Switching to SHUNT_BACKWARD_2
[2026-06-14 15:16:07.031] [INFO] Shunt loop [2/5] complete. Position: X=70.14, Y=-105.43, Yaw=0.04 deg
[2026-06-14 15:16:09.806] [INFO] Switching to SHUNT_FORWARD_2
[2026-06-14 15:16:10.860] [INFO] Switching to back shunt, X=71.12, Y=-105.23
[2026-06-14 15:16:15.109] [INFO] Switching to SHUNT_BACKWARD_2
[2026-06-14 15:16:16.913] [INFO] Shunt loop [3/5] complete. Position: X=69.98, Y=-105.29, Yaw=0.02 deg
[2026-06-14 15:16:19.392] [INFO] Switching to SHUNT_FORWARD_2
[2026-06-14 15:16:20.456] [INFO] Switching to back shunt, X=71.13, Y=-105.05
[2026-06-14 15:16:24.955] [INFO] Switching to SHUNT_BACKWARD_2
[2026-06-14 15:16:26.775] [INFO] Shunt loop [4/5] complete. Position: X=70.03, Y=-105.13, Yaw=0.05 deg
[2026-06-14 15:16:29.185] [INFO] Switching to SHUNT_FORWARD_2
[2026-06-14 15:16:30.257] [INFO] Switching to back shunt, X=71.13, Y=-104.92
[2026-06-14 15:16:34.384] [INFO] Switching to SHUNT_BACKWARD_2
[2026-06-14 15:16:36.339] [INFO] Final position: X=69.97, Y=-104.97
[2026-06-14 15:16:36.339] [INFO] Multiple trials parking complete.
[2026-06-14 15:16:36.393] [INFO] Plot response: Plot generation started.
