[2026-06-14 13:32:32.459] [INFO] Initial pose: X=71.00, Y=-107.50, Yaw=0.00 deg
[2026-06-14 13:32:32.459] [INFO] Lmin: 7.0745 m
[2026-06-14 13:32:32.460] [INFO] L < L_min, implement n trials
[2026-06-14 13:32:32.460] [INFO] New target: 69.90, -105.51, 0.00 deg
[2026-06-14 13:32:32.460] [INFO] Number of trials: 1. Lat offset: 0.51
[2026-06-14 13:32:32.461] [WARN] d_C_Einit: 3.39 < d_EC_lmin: 5.62, Move forward
[2026-06-14 13:32:35.846] [INFO] Lmin: 7.0745 m
[2026-06-14 13:32:35.846] [INFO] Initial pose for planning: X=77.42, Y=-107.50
[2026-06-14 13:32:35.895] [INFO] Begin FIRST_ARC
[2026-06-14 13:32:43.377] [INFO] Transitioning to WAIT_STEERING_2
[2026-06-14 13:32:43.575] [INFO] Begin SECOND_ARC
[2026-06-14 13:32:47.634] [INFO] Single trial: complete, x_c: 70.10, y_c: -105.35, yaw_e: -1.15 deg
[2026-06-14 13:32:47.634] [INFO] Start n trials (not include single section): 1/1
[2026-06-14 13:32:47.634] [INFO] X Limits: Front=71.61, Rear=69.90
[2026-06-14 13:32:47.634] [INFO] Shunt mid X: 70.85
[2026-06-14 13:32:47.635] [INFO] Target position:69.90, -105.51
[2026-06-14 13:32:48.791] [INFO] Switching to SHUNT_FORWARD_2
[2026-06-14 13:32:49.653] [INFO] Switching to back shunt, X=71.63, Y=-105.07
[2026-06-14 13:32:55.244] [INFO] Switching to SHUNT_BACKWARD_2
[2026-06-14 13:32:57.563] [INFO] Final position: X=70.07, Y=-105.09
[2026-06-14 13:32:57.564] [INFO] Multiple trials parking complete.
[2026-06-14 13:32:57.616] [INFO] Plot response: Plot generation started.
