[2026-06-14 13:57:33.465] [INFO] Initial pose: X=71.00, Y=-107.50, Yaw=0.00 deg
[2026-06-14 13:57:33.466] [INFO] Lmin: 7.0745 m
[2026-06-14 13:57:33.466] [INFO] L < L_min, implement n trials
[2026-06-14 13:57:33.466] [INFO] New target: 69.90, -106.06, 0.00 deg
[2026-06-14 13:57:33.466] [INFO] Number of trials: 8. Lat offset: 1.06
[2026-06-14 13:57:33.467] [WARN] d_C_Einit: 3.93 < d_EC_lmin: 5.58, Move forward
[2026-06-14 13:57:37.102] [INFO] Lmin: 7.0745 m
[2026-06-14 13:57:37.102] [INFO] Initial pose for planning: X=76.41, Y=-107.50
[2026-06-14 13:57:37.154] [INFO] Begin FIRST_ARC
[2026-06-14 13:57:43.873] [INFO] Transitioning to WAIT_STEERING_2
[2026-06-14 13:57:44.070] [INFO] Begin SECOND_ARC
[2026-06-14 13:57:47.624] [INFO] Single trial: complete, x_c: 70.12, y_c: -106.01, yaw_e: -0.89 deg
[2026-06-14 13:57:47.624] [INFO] Start n trials (not include single section): 1/8
[2026-06-14 13:57:47.624] [INFO] X Limits: Front=71.11, Rear=69.90
[2026-06-14 13:57:47.624] [INFO] Shunt mid X: 70.61
[2026-06-14 13:57:47.625] [INFO] Target position:69.90, -106.06
[2026-06-14 13:57:48.492] [INFO] Switching to SHUNT_FORWARD_2
[2026-06-14 13:57:49.083] [INFO] Switching to back shunt, X=71.13, Y=-105.80
[2026-06-14 13:57:54.053] [INFO] Switching to SHUNT_BACKWARD_2
[2026-06-14 13:57:55.540] [INFO] Shunt loop [1/8] complete. Position: X=70.04, Y=-105.88, Yaw=-0.03 deg
[2026-06-14 13:57:57.656] [INFO] Switching to SHUNT_FORWARD_2
[2026-06-14 13:57:58.663] [INFO] Switching to back shunt, X=71.13, Y=-105.72
[2026-06-14 13:58:16.794] [INFO] Switching to SHUNT_BACKWARD_2
[2026-06-14 13:58:30.908] [INFO] Shunt loop [2/8] complete. Position: X=70.12, Y=-105.76, Yaw=-0.08 deg
[2026-06-14 13:58:32.995] [INFO] Switching to SHUNT_FORWARD_2
[2026-06-14 13:58:33.863] [INFO] Switching to back shunt, X=71.12, Y=-105.61
[2026-06-14 13:58:38.656] [INFO] Switching to SHUNT_BACKWARD_2
[2026-06-14 13:58:40.143] [INFO] Shunt loop [3/8] complete. Position: X=70.01, Y=-105.65, Yaw=-0.07 deg
[2026-06-14 13:58:42.536] [INFO] Switching to SHUNT_FORWARD_2
[2026-06-14 13:58:43.502] [INFO] Switching to back shunt, X=71.11, Y=-105.46
[2026-06-14 13:58:48.688] [INFO] Switching to SHUNT_BACKWARD_2
[2026-06-14 13:58:50.220] [INFO] Shunt loop [4/8] complete. Position: X=70.04, Y=-105.52, Yaw=0.08 deg
[2026-06-14 13:58:52.391] [INFO] Switching to SHUNT_FORWARD_2
[2026-06-14 13:58:53.351] [INFO] Switching to back shunt, X=71.12, Y=-105.34
[2026-06-14 13:58:58.159] [INFO] Switching to SHUNT_BACKWARD_2
[2026-06-14 13:58:59.790] [INFO] Shunt loop [5/8] complete. Position: X=69.96, Y=-105.39, Yaw=-0.05 deg
[2026-06-14 13:59:01.992] [INFO] Switching to SHUNT_FORWARD_2
[2026-06-14 13:59:03.049] [INFO] Switching to back shunt, X=71.13, Y=-105.21
[2026-06-14 13:59:08.225] [INFO] Switching to SHUNT_BACKWARD_2
[2026-06-14 13:59:09.865] [INFO] Shunt loop [6/8] complete. Position: X=69.99, Y=-105.25, Yaw=-0.10 deg
[2026-06-14 13:59:12.047] [INFO] Switching to SHUNT_FORWARD_2
[2026-06-14 13:59:13.008] [INFO] Switching to back shunt, X=71.11, Y=-105.07
[2026-06-14 13:59:17.872] [INFO] Switching to SHUNT_BACKWARD_2
[2026-06-14 13:59:19.312] [INFO] Shunt loop [7/8] complete. Position: X=70.01, Y=-105.12, Yaw=-0.10 deg
[2026-06-14 13:59:21.418] [INFO] Switching to SHUNT_FORWARD_2
[2026-06-14 13:59:22.429] [INFO] Switching to back shunt, X=71.11, Y=-104.94
[2026-06-14 13:59:27.177] [INFO] Switching to SHUNT_BACKWARD_2
[2026-06-14 13:59:28.732] [INFO] Final position: X=69.98, Y=-104.98
[2026-06-14 13:59:28.732] [INFO] Multiple trials parking complete.
[2026-06-14 13:59:28.784] [INFO] Plot response: Plot generation started.
