[2026-06-14 15:28:36.410] [INFO] Initial pose: X=71.00, Y=-107.50, Yaw=0.00 deg
[2026-06-14 15:28:36.411] [INFO] Lmin: 6.4660 m
[2026-06-14 15:28:36.411] [INFO] L < L_min, implement n trials
[2026-06-14 15:28:36.411] [INFO] New target: 69.90, -106.81, 0.00 deg
[2026-06-14 15:28:36.411] [INFO] Number of trials: 308. Lat offset: 1.81
[2026-06-14 15:28:36.411] [WARN] d_C_Einit: 3.09 < d_EC_lmin: 3.89, Move forward
[2026-06-14 15:28:39.479] [INFO] Lmin: 6.4660 m
[2026-06-14 15:28:39.479] [INFO] Initial pose for planning: X=74.00, Y=-107.50
[2026-06-14 15:28:39.537] [INFO] Begin FIRST_ARC
[2026-06-14 15:28:44.820] [INFO] Transitioning to WAIT_STEERING_2
[2026-06-14 15:28:45.032] [INFO] Begin SECOND_ARC
[2026-06-14 15:28:47.492] [INFO] Single trial: complete, x_c: 70.13, y_c: -106.84, yaw_e: -2.05 deg
[2026-06-14 15:28:47.530] [INFO] Start n trials (not include single section): 1/308
[2026-06-14 15:28:47.530] [INFO] X Limits: Front=70.11, Rear=69.90
[2026-06-14 15:28:47.531] [INFO] Shunt mid X: 70.12
[2026-06-14 15:28:47.531] [INFO] Target position:69.90, -106.81
[2026-06-14 15:28:47.761] [INFO] Switching to SHUNT_FORWARD_2
[2026-06-14 15:28:47.813] [INFO] Switching to back shunt, X=70.17, Y=-106.82
[2026-06-14 15:28:50.115] [INFO] Switching to SHUNT_BACKWARD_2
[2026-06-14 15:28:50.632] [INFO] Shunt loop [1/308] complete. Position: X=69.89, Y=-106.87, Yaw=-4.07 deg
[2026-06-14 15:28:51.784] [INFO] Switching to SHUNT_FORWARD_2
[2026-06-14 15:28:52.215] [INFO] Switching to back shunt, X=70.12, Y=-106.82
