[2026-06-14 15:17:48.083] [INFO] Initial pose: X=71.00, Y=-107.50, Yaw=0.00 deg
[2026-06-14 15:17:48.084] [INFO] Lmin: 7.0745 m
[2026-06-14 15:17:48.084] [INFO] L < L_min, implement n trials
[2026-06-14 15:17:48.085] [INFO] New target: 69.90, -106.06, 0.00 deg
[2026-06-14 15:17:48.085] [INFO] Number of trials: 8. Lat offset: 1.06
[2026-06-14 15:17:48.085] [WARN] d_C_Einit: 3.93 < d_EC_lmin: 5.58, Move forward
[2026-06-14 15:17:52.324] [INFO] Lmin: 7.0745 m
[2026-06-14 15:17:52.324] [INFO] Initial pose for planning: X=76.45, Y=-107.50
[2026-06-14 15:17:52.387] [INFO] Begin FIRST_ARC
[2026-06-14 15:18:00.403] [INFO] Transitioning to WAIT_STEERING_2
[2026-06-14 15:18:00.639] [INFO] Begin SECOND_ARC
[2026-06-14 15:18:05.171] [INFO] Single trial: complete, x_c: 70.13, y_c: -106.00, yaw_e: -1.40 deg
[2026-06-14 15:18:05.171] [INFO] Start n trials (not include single section): 1/8
[2026-06-14 15:18:05.172] [INFO] X Limits: Front=71.11, Rear=69.90
[2026-06-14 15:18:05.172] [INFO] Shunt mid X: 70.62
[2026-06-14 15:18:05.172] [INFO] Target position:69.90, -106.06
[2026-06-14 15:18:06.130] [INFO] Switching to SHUNT_FORWARD_2
[2026-06-14 15:18:06.816] [INFO] Switching to back shunt, X=71.13, Y=-105.83
[2026-06-14 15:18:12.505] [INFO] Switching to SHUNT_BACKWARD_2
[2026-06-14 15:18:14.706] [INFO] Shunt loop [1/8] complete. Position: X=69.93, Y=-105.86, Yaw=-0.02 deg
[2026-06-14 15:18:17.567] [INFO] Switching to SHUNT_FORWARD_2
[2026-06-14 15:18:18.757] [INFO] Switching to back shunt, X=71.12, Y=-105.67
[2026-06-14 15:18:24.054] [INFO] Switching to SHUNT_BACKWARD_2
[2026-06-14 15:18:25.951] [INFO] Shunt loop [2/8] complete. Position: X=69.94, Y=-105.70, Yaw=-0.05 deg
[2026-06-14 15:18:28.360] [INFO] Switching to SHUNT_FORWARD_2
[2026-06-14 15:18:29.538] [INFO] Switching to back shunt, X=71.13, Y=-105.51
[2026-06-14 15:18:35.268] [INFO] Switching to SHUNT_BACKWARD_2
[2026-06-14 15:18:37.005] [INFO] Shunt loop [3/8] complete. Position: X=69.98, Y=-105.55, Yaw=-0.06 deg
[2026-06-14 15:18:39.520] [INFO] Switching to SHUNT_FORWARD_2
[2026-06-14 15:18:40.597] [INFO] Switching to back shunt, X=71.11, Y=-105.36
[2026-06-14 15:18:46.009] [INFO] Switching to SHUNT_BACKWARD_2
[2026-06-14 15:18:47.707] [INFO] Shunt loop [4/8] complete. Position: X=70.04, Y=-105.43, Yaw=-0.05 deg
[2026-06-14 15:18:50.105] [INFO] Switching to SHUNT_FORWARD_2
[2026-06-14 15:18:51.237] [INFO] Switching to back shunt, X=71.13, Y=-105.26
[2026-06-14 15:18:56.907] [INFO] Switching to SHUNT_BACKWARD_2
[2026-06-14 15:18:59.032] [INFO] Shunt loop [5/8] complete. Position: X=69.96, Y=-105.29, Yaw=-0.07 deg
[2026-06-14 15:19:01.728] [INFO] Switching to SHUNT_FORWARD_2
[2026-06-14 15:19:03.094] [INFO] Switching to back shunt, X=71.13, Y=-105.11
[2026-06-14 15:19:09.125] [INFO] Switching to SHUNT_BACKWARD_2
[2026-06-14 15:19:11.098] [INFO] Shunt loop [6/8] complete. Position: X=69.96, Y=-105.14, Yaw=-0.10 deg
[2026-06-14 15:19:13.838] [INFO] Switching to SHUNT_FORWARD_2
[2026-06-14 15:19:15.212] [INFO] Switching to back shunt, X=71.13, Y=-104.96
[2026-06-14 15:19:20.860] [INFO] Switching to SHUNT_BACKWARD_2
[2026-06-14 15:19:22.623] [INFO] Shunt loop [7/8] complete. Position: X=69.99, Y=-105.00, Yaw=0.09 deg
[2026-06-14 15:19:25.281] [INFO] Switching to SHUNT_FORWARD_2
[2026-06-14 15:19:26.524] [INFO] Switching to back shunt, X=71.11, Y=-104.82
[2026-06-14 15:19:41.923] [INFO] Switching to SHUNT_BACKWARD_2
[2026-06-14 15:19:51.565] [INFO] Final position: X=70.15, Y=-104.88
[2026-06-14 15:19:51.566] [INFO] Multiple trials parking complete.
[2026-06-14 15:19:51.637] [INFO] Plot response: Plot generation started.
