[2026-06-14 14:50:28.760] [INFO] Initial pose: X=71.00, Y=-107.50, Yaw=0.00 deg
[2026-06-14 14:50:28.760] [INFO] Lmin: 6.7402 m
[2026-06-14 14:50:28.760] [INFO] L < L_min, implement n trials
[2026-06-14 14:50:28.760] [INFO] New target: 69.90, -106.40, 0.00 deg
[2026-06-14 14:50:28.761] [INFO] Number of trials: 24. Lat offset: 1.40
[2026-06-14 14:50:28.761] [WARN] d_C_Einit: 3.37 < d_EC_lmin: 4.63, Move forward
[2026-06-14 14:50:31.773] [INFO] Lmin: 6.7402 m
[2026-06-14 14:50:31.773] [INFO] Initial pose for planning: X=75.11, Y=-107.50
[2026-06-14 14:50:31.823] [INFO] Begin FIRST_ARC
[2026-06-14 14:50:38.105] [INFO] Transitioning to WAIT_STEERING_2
[2026-06-14 14:50:38.334] [INFO] Begin SECOND_ARC
[2026-06-14 14:50:41.443] [INFO] Single trial: complete, x_c: 70.13, y_c: -106.39, yaw_e: -1.13 deg
[2026-06-14 14:50:41.444] [INFO] Start n trials (not include single section): 1/24
[2026-06-14 14:50:41.444] [INFO] X Limits: Front=70.61, Rear=69.90
[2026-06-14 14:50:41.444] [INFO] Shunt mid X: 70.37
[2026-06-14 14:50:41.445] [INFO] Target position:69.90, -106.40
[2026-06-14 14:50:42.044] [INFO] Switching to SHUNT_FORWARD_2
[2026-06-14 14:50:42.358] [INFO] Switching to back shunt, X=70.61, Y=-106.25
[2026-06-14 14:50:45.840] [INFO] Switching to SHUNT_BACKWARD_2
[2026-06-14 14:50:46.774] [INFO] Shunt loop [1/24] complete. Position: X=69.95, Y=-106.34, Yaw=-0.02 deg
[2026-06-14 14:50:48.749] [INFO] Switching to SHUNT_FORWARD_2
[2026-06-14 14:50:49.546] [INFO] Switching to back shunt, X=70.62, Y=-106.20
[2026-06-14 14:50:52.968] [INFO] Switching to SHUNT_BACKWARD_2
[2026-06-14 14:50:53.989] [INFO] Shunt loop [2/24] complete. Position: X=69.95, Y=-106.28, Yaw=-0.05 deg
[2026-06-14 14:50:55.692] [INFO] Switching to SHUNT_FORWARD_2
[2026-06-14 14:50:56.424] [INFO] Switching to back shunt, X=70.62, Y=-106.15
[2026-06-14 14:50:59.569] [INFO] Switching to SHUNT_BACKWARD_2
[2026-06-14 14:51:00.658] [INFO] Shunt loop [3/24] complete. Position: X=69.95, Y=-106.22, Yaw=0.04 deg
[2026-06-14 14:51:02.509] [INFO] Switching to SHUNT_FORWARD_2
[2026-06-14 14:51:03.344] [INFO] Switching to back shunt, X=70.62, Y=-106.09
[2026-06-14 14:51:06.720] [INFO] Switching to SHUNT_BACKWARD_2
[2026-06-14 14:51:07.734] [INFO] Shunt loop [4/24] complete. Position: X=69.93, Y=-106.17, Yaw=-0.09 deg
[2026-06-14 14:51:09.878] [INFO] Switching to SHUNT_FORWARD_2
[2026-06-14 14:51:10.620] [INFO] Switching to back shunt, X=70.62, Y=-106.03
[2026-06-14 14:51:14.281] [INFO] Switching to SHUNT_BACKWARD_2
[2026-06-14 14:51:15.227] [INFO] Shunt loop [5/24] complete. Position: X=69.91, Y=-106.11, Yaw=0.10 deg
[2026-06-14 14:51:17.048] [INFO] Switching to SHUNT_FORWARD_2
[2026-06-14 14:51:17.880] [INFO] Switching to back shunt, X=70.62, Y=-105.96
[2026-06-14 14:51:21.375] [INFO] Switching to SHUNT_BACKWARD_2
[2026-06-14 14:51:22.179] [INFO] Shunt loop [6/24] complete. Position: X=69.97, Y=-106.06, Yaw=-0.09 deg
[2026-06-14 14:51:23.910] [INFO] Switching to SHUNT_FORWARD_2
[2026-06-14 14:51:24.586] [INFO] Switching to back shunt, X=70.61, Y=-105.92
[2026-06-14 14:51:27.703] [INFO] Switching to SHUNT_BACKWARD_2
[2026-06-14 14:51:28.514] [INFO] Shunt loop [7/24] complete. Position: X=69.95, Y=-106.01, Yaw=-0.04 deg
[2026-06-14 14:51:30.441] [INFO] Switching to SHUNT_FORWARD_2
[2026-06-14 14:51:31.180] [INFO] Switching to back shunt, X=70.61, Y=-105.87
[2026-06-14 14:51:34.219] [INFO] Switching to SHUNT_BACKWARD_2
[2026-06-14 14:51:35.336] [INFO] Shunt loop [8/24] complete. Position: X=69.97, Y=-105.96, Yaw=0.04 deg
[2026-06-14 14:51:37.059] [INFO] Switching to SHUNT_FORWARD_2
[2026-06-14 14:51:37.782] [INFO] Switching to back shunt, X=70.61, Y=-105.83
[2026-06-14 14:51:40.885] [INFO] Switching to SHUNT_BACKWARD_2
[2026-06-14 14:51:41.990] [INFO] Shunt loop [9/24] complete. Position: X=69.92, Y=-105.90, Yaw=0.09 deg
[2026-06-14 14:51:43.743] [INFO] Switching to SHUNT_FORWARD_2
[2026-06-14 14:51:44.537] [INFO] Switching to back shunt, X=70.62, Y=-105.77
[2026-06-14 14:51:48.117] [INFO] Switching to SHUNT_BACKWARD_2
[2026-06-14 14:51:49.251] [INFO] Shunt loop [10/24] complete. Position: X=69.96, Y=-105.84, Yaw=-0.08 deg
[2026-06-14 14:51:51.068] [INFO] Switching to SHUNT_FORWARD_2
[2026-06-14 14:51:51.834] [INFO] Switching to back shunt, X=70.62, Y=-105.71
[2026-06-14 14:51:55.334] [INFO] Switching to SHUNT_BACKWARD_2
[2026-06-14 14:51:56.342] [INFO] Shunt loop [11/24] complete. Position: X=69.90, Y=-105.78, Yaw=0.11 deg
[2026-06-14 14:51:58.031] [INFO] Switching to SHUNT_FORWARD_2
[2026-06-14 14:51:58.758] [INFO] Switching to back shunt, X=70.61, Y=-105.62
[2026-06-14 14:52:02.219] [INFO] Switching to SHUNT_BACKWARD_2
[2026-06-14 14:52:03.104] [INFO] Shunt loop [12/24] complete. Position: X=69.97, Y=-105.73, Yaw=-0.10 deg
[2026-06-14 14:52:05.083] [INFO] Switching to SHUNT_FORWARD_2
[2026-06-14 14:52:05.805] [INFO] Switching to back shunt, X=70.63, Y=-105.60
[2026-06-14 14:52:09.182] [INFO] Switching to SHUNT_BACKWARD_2
[2026-06-14 14:52:10.106] [INFO] Shunt loop [13/24] complete. Position: X=69.96, Y=-105.67, Yaw=-0.09 deg
[2026-06-14 14:52:11.791] [INFO] Switching to SHUNT_FORWARD_2
[2026-06-14 14:52:12.511] [INFO] Switching to back shunt, X=70.63, Y=-105.54
[2026-06-14 14:52:15.686] [INFO] Switching to SHUNT_BACKWARD_2
[2026-06-14 14:52:16.792] [INFO] Shunt loop [14/24] complete. Position: X=69.95, Y=-105.62, Yaw=-0.09 deg
[2026-06-14 14:52:18.525] [INFO] Switching to SHUNT_FORWARD_2
[2026-06-14 14:52:19.243] [INFO] Switching to back shunt, X=70.61, Y=-105.49
[2026-06-14 14:52:30.963] [INFO] Switching to SHUNT_BACKWARD_2
[2026-06-14 14:52:37.068] [INFO] Shunt loop [15/24] complete. Position: X=70.10, Y=-105.57, Yaw=-0.09 deg
[2026-06-14 14:52:38.510] [INFO] Switching to SHUNT_FORWARD_2
[2026-06-14 14:52:39.151] [INFO] Switching to back shunt, X=70.62, Y=-105.47
[2026-06-14 14:52:42.538] [INFO] Switching to SHUNT_BACKWARD_2
[2026-06-14 14:52:43.663] [INFO] Shunt loop [16/24] complete. Position: X=69.89, Y=-105.52, Yaw=0.04 deg
[2026-06-14 14:52:45.593] [INFO] Switching to SHUNT_FORWARD_2
[2026-06-14 14:52:46.340] [INFO] Switching to back shunt, X=70.61, Y=-105.36
[2026-06-14 14:52:49.883] [INFO] Switching to SHUNT_BACKWARD_2
[2026-06-14 14:52:50.670] [INFO] Shunt loop [17/24] complete. Position: X=70.02, Y=-105.46, Yaw=0.02 deg
[2026-06-14 14:52:52.429] [INFO] Switching to SHUNT_FORWARD_2
[2026-06-14 14:52:53.112] [INFO] Switching to back shunt, X=70.62, Y=-105.34
[2026-06-14 14:52:56.167] [INFO] Switching to SHUNT_BACKWARD_2
[2026-06-14 14:52:57.268] [INFO] Shunt loop [18/24] complete. Position: X=69.94, Y=-105.42, Yaw=0.04 deg
[2026-06-14 14:52:58.977] [INFO] Switching to SHUNT_FORWARD_2
[2026-06-14 14:52:59.827] [INFO] Switching to back shunt, X=70.63, Y=-105.28
[2026-06-14 14:53:03.474] [INFO] Switching to SHUNT_BACKWARD_2
[2026-06-14 14:53:04.434] [INFO] Shunt loop [19/24] complete. Position: X=69.98, Y=-105.36, Yaw=-0.02 deg
[2026-06-14 14:53:06.097] [INFO] Switching to SHUNT_FORWARD_2
[2026-06-14 14:53:06.758] [INFO] Switching to back shunt, X=70.61, Y=-105.22
[2026-06-14 14:53:10.263] [INFO] Switching to SHUNT_BACKWARD_2
[2026-06-14 14:53:11.279] [INFO] Shunt loop [20/24] complete. Position: X=69.98, Y=-105.31, Yaw=0.06 deg
[2026-06-14 14:53:13.040] [INFO] Switching to SHUNT_FORWARD_2
[2026-06-14 14:53:13.709] [INFO] Switching to back shunt, X=70.61, Y=-105.17
[2026-06-14 14:53:17.423] [INFO] Switching to SHUNT_BACKWARD_2
[2026-06-14 14:53:18.334] [INFO] Shunt loop [21/24] complete. Position: X=69.97, Y=-105.26, Yaw=0.06 deg
[2026-06-14 14:53:20.168] [INFO] Switching to SHUNT_FORWARD_2
[2026-06-14 14:53:20.967] [INFO] Switching to back shunt, X=70.62, Y=-105.14
[2026-06-14 14:53:24.458] [INFO] Switching to SHUNT_BACKWARD_2
[2026-06-14 14:53:25.577] [INFO] Shunt loop [22/24] complete. Position: X=69.92, Y=-105.20, Yaw=0.06 deg
[2026-06-14 14:53:27.465] [INFO] Switching to SHUNT_FORWARD_2
[2026-06-14 14:53:28.166] [INFO] Switching to back shunt, X=70.61, Y=-105.05
[2026-06-14 14:53:31.476] [INFO] Switching to SHUNT_BACKWARD_2
[2026-06-14 14:53:32.521] [INFO] Shunt loop [23/24] complete. Position: X=70.01, Y=-105.15, Yaw=-0.05 deg
[2026-06-14 14:53:34.253] [INFO] Switching to SHUNT_FORWARD_2
[2026-06-14 14:53:34.991] [INFO] Switching to back shunt, X=70.63, Y=-105.04
[2026-06-14 14:53:46.869] [INFO] Switching to SHUNT_BACKWARD_2
[2026-06-14 14:53:54.637] [INFO] Final position: X=70.07, Y=-105.11
[2026-06-14 14:53:54.637] [INFO] Multiple trials parking complete.
[2026-06-14 14:53:54.696] [INFO] Plot response: Plot generation started.
